<?xml version="1.0" encoding="UTF-8"?>
<testsuites name="Smoke Testing" time="44.567" tests="3" failures="0" errors="1">
   <testsuite name="Smoke Testing" tests="3" failures="0" errors="1" time="44.567" skipped="0" timestamp="2023-07-31 14:35:29" hostname="tan.zx - 192.168.203.1" id="Test Suites/Smoke Testing">
      <properties>
         <property name="deviceName" value=""/>
         <property name="devicePlatform" value=""/>
         <property name="logFolder" value="C:\\Users\\tan.zx\\git\\HKTestTeam03\\Reports\\20230731_143524\\Smoke Testing\\20230731_143524"/>
         <property name="logFiles" value="C:\\Users\\tan.zx\\git\\HKTestTeam03\\Reports\\20230731_143524\\Smoke Testing\\20230731_143524\\execution0.log"/>
         <property name="attachments" value=""/>
         <property name="hostName" value="tan.zx - 192.168.203.1"/>
         <property name="os" value="Windows 10 64bit"/>
         <property name="katalonVersion" value="8.6.5.208"/>
         <property name="browser" value="Chrome 109.0.0.0"/>
         <property name="hostAddress" value="192.168.203.1"/>
         <property name="sessionId" value="afd113bc2ff4b60ff311c718e0601322"/>
         <property name="seleniumVersion" value="3.141.59"/>
         <property name="proxyInformation" value="ProxyInformation { proxyOption=NO_PROXY, proxyServerType=HTTP, username=, password=********, proxyServerAddress=, proxyServerPort=0, executionList=&quot;&quot;, isApplyToDesiredCapabilities=true }"/>
         <property name="platform" value="Windows 10"/>
      </properties>
      <testcase name="Test Cases/Login Test" time="22.131" classname="Test Cases/Login Test" status="PASSED">
         <system-out><![CDATA[2023-07-31 14:35:30 - [TEST_CASE][PASSED] - Test Cases/Login Test: Test Cases/Login Test

2023-07-31 14:35:31 - [TEST_STEP][PASSED] - openBrowser(""): Browser is opened with url: ''

2023-07-31 14:35:31 - [MESSAGE][INFO] - Starting 'Chrome' driver

2023-07-31 14:35:31 - [MESSAGE][INFO] - Action delay is set to 0 milliseconds

2023-07-31 14:35:37 - [MESSAGE][PASSED] - Browser is opened with url: ''

2023-07-31 14:35:37 - [TEST_STEP][PASSED] - navigateToUrl("https://example.testproject.io/web/"): Navigate to 'https://example.testproject.io/web/' successfully

2023-07-31 14:35:48 - [MESSAGE][PASSED] - Navigate to 'https://example.testproject.io/web/' successfully

2023-07-31 14:35:48 - [TEST_STEP][PASSED] - setText(findTestObject("Lab04-Login Page/Page_TestProject Demo/input_Full Name_name"), "hkit"): Text 'hkit' is set on object 'Object Repository/Lab04-Login Page/Page_TestProject Demo/input_Full Name_name'

2023-07-31 14:35:49 - [MESSAGE][PASSED] - Text 'hkit' is set on object 'Object Repository/Lab04-Login Page/Page_TestProject Demo/input_Full Name_name'

2023-07-31 14:35:49 - [TEST_STEP][PASSED] - setEncryptedText(findTestObject("Lab04-Login Page/Page_TestProject Demo/input_Password_password"), "iGDxf8hSRT4="): Text ****** has been set on object 'Object Repository/Lab04-Login Page/Page_TestProject Demo/input_Password_password'

2023-07-31 14:35:50 - [MESSAGE][PASSED] - Text ****** has been set on object 'Object Repository/Lab04-Login Page/Page_TestProject Demo/input_Password_password'

2023-07-31 14:35:50 - [TEST_STEP][PASSED] - click(findTestObject("Lab04-Login Page/Page_TestProject Demo/button_Login")): Object: 'Object Repository/Lab04-Login Page/Page_TestProject Demo/button_Login' is clicked on

2023-07-31 14:35:51 - [MESSAGE][PASSED] - Object: 'Object Repository/Lab04-Login Page/Page_TestProject Demo/button_Login' is clicked on

2023-07-31 14:35:51 - [TEST_STEP][PASSED] - verifyElementText(findTestObject("Lab04-Login Page/Page_TestProject Demo/p_Hello hkit, lets complete the test form"), "Hello hkit, let's complete the test form:", STOP_ON_FAILURE): Actual text and expected text of test object 'Object Repository/Lab04-Login Page/Page_TestProject Demo/p_Hello hkit, lets complete the test form' are matched.

2023-07-31 14:35:51 - [MESSAGE][PASSED] - Actual text and expected text of test object 'Object Repository/Lab04-Login Page/Page_TestProject Demo/p_Hello hkit, lets complete the test form' are matched.

2023-07-31 14:35:51 - [TEST_STEP][PASSED] - closeBrowser(): Browser is closed

2023-07-31 14:35:52 - [MESSAGE][PASSED] - Browser is closed]]></system-out>
         <system-err><![CDATA[]]></system-err>
      </testcase>
      <testcase name="Test Cases/Logout Test" time="0.006" classname="Test Cases/Logout Test" status="ERROR">
         <error type="ERROR" message="Test Cases/Logout Test has ERROR(s).
Reason:
java.io.FileNotFoundException: File '' does not exist"/>
         <system-out><![CDATA[2023-07-31 14:35:52 - [TEST_CASE][ERROR] - Test Cases/Logout Test: Test Cases/Logout Test has ERROR(s).
Reason:
java.io.FileNotFoundException: File '' does not exist]]></system-out>
         <system-err><![CDATA[2023-07-31 14:35:52 - [TEST_CASE][ERROR] - Test Cases/Logout Test: Test Cases/Logout Test has ERROR(s).
Reason:
java.io.FileNotFoundException: File '' does not exist]]></system-err>
      </testcase>
      <testcase name="Test Cases/Registration Test" time="21.755" classname="Test Cases/Registration Test" status="PASSED">
         <system-out><![CDATA[2023-07-31 14:35:52 - [TEST_CASE][PASSED] - Test Cases/Registration Test: Test Cases/Registration Test

2023-07-31 14:35:53 - [TEST_STEP][PASSED] - openBrowser(""): Browser is opened with url: ''

2023-07-31 14:35:53 - [MESSAGE][INFO] - Starting 'Chrome' driver

2023-07-31 14:35:53 - [MESSAGE][INFO] - Action delay is set to 0 milliseconds

2023-07-31 14:35:55 - [MESSAGE][PASSED] - Browser is opened with url: ''

2023-07-31 14:35:55 - [TEST_STEP][PASSED] - navigateToUrl("https://example.testproject.io/web/"): Navigate to 'https://example.testproject.io/web/' successfully

2023-07-31 14:36:00 - [MESSAGE][PASSED] - Navigate to 'https://example.testproject.io/web/' successfully

2023-07-31 14:36:00 - [TEST_STEP][PASSED] - setText(findTestObject("Object Repository/Registration Page/Page_TestProject Demo/input_Full Name_name"), "hkit"): Text 'hkit' is set on object 'Object Repository/Registration Page/Page_TestProject Demo/input_Full Name_name'

2023-07-31 14:36:01 - [MESSAGE][PASSED] - Text 'hkit' is set on object 'Object Repository/Registration Page/Page_TestProject Demo/input_Full Name_name'

2023-07-31 14:36:01 - [TEST_STEP][PASSED] - setEncryptedText(findTestObject("Object Repository/Registration Page/Page_TestProject Demo/input_Password_password"), "iGDxf8hSRT4="): Text ****** has been set on object 'Object Repository/Registration Page/Page_TestProject Demo/input_Password_password'

2023-07-31 14:36:02 - [MESSAGE][PASSED] - Text ****** has been set on object 'Object Repository/Registration Page/Page_TestProject Demo/input_Password_password'

2023-07-31 14:36:02 - [TEST_STEP][PASSED] - click(findTestObject("Object Repository/Registration Page/Page_TestProject Demo/button_Login")): Object: 'Object Repository/Registration Page/Page_TestProject Demo/button_Login' is clicked on

2023-07-31 14:36:02 - [MESSAGE][PASSED] - Object: 'Object Repository/Registration Page/Page_TestProject Demo/button_Login' is clicked on

2023-07-31 14:36:02 - [TEST_STEP][PASSED] - selectOptionByValue(findTestObject("Object Repository/Registration Page/Page_TestProject Demo/select_AfghanistanAlbaniaAlgeriaAmerican Sa_e5890c"), "CN", true): All options with value 'CN' are selected in object 'Object Repository/Registration Page/Page_TestProject Demo/select_AfghanistanAlbaniaAlgeriaAmerican Sa_e5890c'  using regular expression

2023-07-31 14:36:07 - [MESSAGE][PASSED] - All options with value 'CN' are selected in object 'Object Repository/Registration Page/Page_TestProject Demo/select_AfghanistanAlbaniaAlgeriaAmerican Sa_e5890c'  using regular expression

2023-07-31 14:36:07 - [TEST_STEP][PASSED] - setText(findTestObject("Object Repository/Registration Page/Page_TestProject Demo/input_Address_address"), "No. 11,Caipin Road,"): Text 'No. 11,Caipin Road,' is set on object 'Object Repository/Registration Page/Page_TestProject Demo/input_Address_address'

2023-07-31 14:36:08 - [MESSAGE][PASSED] - Text 'No. 11,Caipin Road,' is set on object 'Object Repository/Registration Page/Page_TestProject Demo/input_Address_address'

2023-07-31 14:36:08 - [TEST_STEP][PASSED] - setText(findTestObject("Object Repository/Registration Page/Page_TestProject Demo/input_Email_email"), "test@gmail.com"): Text 'test@gmail.com' is set on object 'Object Repository/Registration Page/Page_TestProject Demo/input_Email_email'

2023-07-31 14:36:09 - [MESSAGE][PASSED] - Text 'test@gmail.com' is set on object 'Object Repository/Registration Page/Page_TestProject Demo/input_Email_email'

2023-07-31 14:36:09 - [TEST_STEP][PASSED] - setText(findTestObject("Object Repository/Registration Page/Page_TestProject Demo/input_Phone_phone"), "020-12345678"): Text '020-12345678' is set on object 'Object Repository/Registration Page/Page_TestProject Demo/input_Phone_phone'

2023-07-31 14:36:10 - [MESSAGE][PASSED] - Text '020-12345678' is set on object 'Object Repository/Registration Page/Page_TestProject Demo/input_Phone_phone'

2023-07-31 14:36:10 - [TEST_STEP][PASSED] - click(findTestObject("Registration Page/Page_TestProject Demo/button_Save")): Object: 'Object Repository/Registration Page/Page_TestProject Demo/button_Save' is clicked on

2023-07-31 14:36:10 - [MESSAGE][PASSED] - Object: 'Object Repository/Registration Page/Page_TestProject Demo/button_Save' is clicked on

2023-07-31 14:36:10 - [TEST_STEP][PASSED] - verifyElementText(findTestObject("Object Repository/Registration Page/Page_TestProject Demo/span_Saved"), "Saved"): Actual text and expected text of test object 'Object Repository/Registration Page/Page_TestProject Demo/span_Saved' are matched.

2023-07-31 14:36:11 - [MESSAGE][PASSED] - Actual text and expected text of test object 'Object Repository/Registration Page/Page_TestProject Demo/span_Saved' are matched.

2023-07-31 14:36:11 - [TEST_STEP][PASSED] - click(findTestObject("Object Repository/Registration Page/Page_TestProject Demo/button_Logout")): Object: 'Object Repository/Registration Page/Page_TestProject Demo/button_Logout' is clicked on

2023-07-31 14:36:13 - [MESSAGE][PASSED] - Object: 'Object Repository/Registration Page/Page_TestProject Demo/button_Logout' is clicked on

2023-07-31 14:36:13 - [TEST_STEP][PASSED] - closeBrowser(): Browser is closed

2023-07-31 14:36:14 - [MESSAGE][PASSED] - Browser is closed]]></system-out>
         <system-err><![CDATA[]]></system-err>
      </testcase>
      <system-out><![CDATA[2023-07-31 14:35:29 - [TEST_SUITE][ERROR] - Smoke Testing: Test Cases/Logout Test has ERROR(s).
Reason:
java.io.FileNotFoundException: File '' does not exist]]></system-out>
      <system-err><![CDATA[2023-07-31 14:35:29 - [TEST_SUITE][ERROR] - Smoke Testing: Test Cases/Logout Test has ERROR(s).
Reason:
java.io.FileNotFoundException: File '' does not exist]]></system-err>
   </testsuite>
</testsuites>
